<?xml version="1.0" encoding="UTF-8"?>
<testsuites name="ClientTests" time="14" tests="1" failures="0" errors="0">
   <testsuite name="ClientTests" tests="1" failures="0" errors="0" time="14" timestamp="2019-05-08 20:42:16" hostname="anthonyanderson - 10.0.0.190" id="Test Suites/PersonGroupManagement/V1/Client/ClientTests">
      <properties>
         <property name="deviceName" value=""/>
         <property name="devicePlatform" value=""/>
         <property name="logFolder" value="/Users/anthonyanderson/BenAdminAutomation_Training/BenAdminAutomation_Training/Reports/PersonGroupManagement/V1/Client/ClientTests/20190508_204204"/>
         <property name="logFiles" value="/Users/anthonyanderson/BenAdminAutomation_Training/BenAdminAutomation_Training/Reports/PersonGroupManagement/V1/Client/ClientTests/20190508_204204/execution0.log"/>
         <property name="attachments" value=""/>
         <property name="hostName" value="anthonyanderson - 10.0.0.190"/>
         <property name="hostAddress" value="10.0.0.190"/>
         <property name="os" value="Mac OS X 64bit"/>
         <property name="katalonVersion" value="6.1.0.1"/>
      </properties>
      <testcase name="Test Cases/PersonGroupManagement/V1/Client/TC-25-AUTO-Services Create Client Postman URL" classname="Test Cases/PersonGroupManagement/V1/Client/TC-25-AUTO-Services Create Client Postman URL" status="PASSED">
         <system-out><![CDATA[2019-05-08 20:42:16 - [TEST_CASE][PASSED] - Test Cases/PersonGroupManagement/V1/Client/TC-25-AUTO-Services Create Client Postman URL: Test Cases/PersonGroupManagement/V1/Client/TC-25-AUTO-Services Create Client Postman URL

2019-05-08 20:42:16 - [TEST_STEP][PASSED] - response = sendRequest(findTestObject("PersonGroupManagement/V1/Client/CreateClient", ["legalClientName":legalClientName, "clientName":clientName, "primaryContactEmail":primaryContactEmail])): Send request successfully

2019-05-08 20:42:30 - [MESSAGE][INFO] - HAR: /Users/anthonyanderson/BenAdminAutomation_Training/BenAdminAutomation_Training/Reports/PersonGroupManagement/V1/Client/ClientTests/20190508_204204/requests/main/0.har

2019-05-08 20:42:30 - [MESSAGE][PASSED] - Send request successfully

2019-05-08 20:42:30 - [TEST_STEP][PASSED] - verifyElementPropertyValue(response, "legalClientName", legalClientName): Verify element property value successfully

2019-05-08 20:42:30 - [MESSAGE][PASSED] - Verify element property value successfully

2019-05-08 20:42:30 - [TEST_STEP][PASSED] - verifyElementPropertyValue(response, "clientName", clientName): Verify element property value successfully

2019-05-08 20:42:30 - [MESSAGE][PASSED] - Verify element property value successfully

2019-05-08 20:42:30 - [TEST_STEP][PASSED] - verifyElementPropertyValue(response, "primaryContactEmail", primaryContactEmail): Verify element property value successfully

2019-05-08 20:42:30 - [MESSAGE][PASSED] - Verify element property value successfully

2019-05-08 20:42:30 - [TEST_STEP][PASSED] - verifyResponseStatusCode(response, 201): Verify response status code successfully

2019-05-08 20:42:30 - [MESSAGE][PASSED] - Verify response status code successfully]]></system-out>
         <system-err><![CDATA[]]></system-err>
      </testcase>
      <system-out><![CDATA[2019-05-08 20:42:16 - [TEST_SUITE][PASSED] - ClientTests: Test Cases/PersonGroupManagement/V1/Client/TC-25-AUTO-Services Create Client Postman URL]]></system-out>
      <system-err><![CDATA[]]></system-err>
   </testsuite>
</testsuites>
